* Starting client
* Connecting to master process on port 19291
* Analyzing classpath: 
  - /home/mercy/ATS/Projeto Refactored/demo2/target/classes
  - /usr/lib/jvm/java-1.8.0-openjdk-amd64/jre/lib/charsets.jar
  - /usr/lib/jvm/java-1.8.0-openjdk-amd64/jre/lib/ext/cldrdata.jar
  - /usr/lib/jvm/java-1.8.0-openjdk-amd64/jre/lib/ext/dnsns.jar
  - /usr/lib/jvm/java-1.8.0-openjdk-amd64/jre/lib/ext/icedtea-sound.jar
  - /usr/lib/jvm/java-1.8.0-openjdk-amd64/jre/lib/ext/jaccess.jar
  - /usr/lib/jvm/java-1.8.0-openjdk-amd64/jre/lib/ext/java-atk-wrapper.jar
  - /usr/lib/jvm/java-1.8.0-openjdk-amd64/jre/lib/ext/localedata.jar
  - /usr/lib/jvm/java-1.8.0-openjdk-amd64/jre/lib/ext/nashorn.jar
  - /usr/lib/jvm/java-1.8.0-openjdk-amd64/jre/lib/ext/sunec.jar
  - /usr/lib/jvm/java-1.8.0-openjdk-amd64/jre/lib/ext/sunjce_provider.jar
  - /usr/lib/jvm/java-1.8.0-openjdk-amd64/jre/lib/ext/sunpkcs11.jar
  - /usr/lib/jvm/java-1.8.0-openjdk-amd64/jre/lib/ext/zipfs.jar
  - /usr/lib/jvm/java-1.8.0-openjdk-amd64/jre/lib/jce.jar
  - /usr/lib/jvm/java-1.8.0-openjdk-amd64/jre/lib/jsse.jar
  - /usr/lib/jvm/java-1.8.0-openjdk-amd64/jre/lib/management-agent.jar
  - /usr/lib/jvm/java-1.8.0-openjdk-amd64/jre/lib/resources.jar
  - /usr/lib/jvm/java-1.8.0-openjdk-amd64/jre/lib/rt.jar
  - /home/mercy/ATS/Projeto Refactored/demo2/target/classes
  - /home/mercy/.m2/repository/com/google/code/gson/gson/2.6.2/gson-2.6.2.jar
  - /home/mercy/.m2/repository/junit/junit/4.12/junit-4.12.jar
  - /home/mercy/.m2/repository/org/hamcrest/hamcrest-core/1.3/hamcrest-core-1.3.jar
* Finished analyzing classpath
* Generating tests for class main.java.Aluguer
* Test criteria:
  - Line Coverage
  - Branch Coverage
  - Exception
  - Mutation testing (weak)
  - Method-Output Coverage
  - Top-Level Method Coverage
  - No-Exception Top-Level Method Coverage
  - Context Branch Coverage
* Setting up search algorithm for whole suite generation
[MASTER] 17:52:25.235 [pool-2-thread-1] WARN  TestSuiteSerialization - Cannot load tests because file does not exist: /home/mercy/ATS/Projeto Refactored/demo2/.evosuite/evosuite-seeds/main.java.Aluguer.seed
* Loaded 0 tests from /home/mercy/ATS/Projeto Refactored/demo2/.evosuite/evosuite-seeds/main.java.Aluguer.seed
* Total number of test goals: 
  - Line 99
  - Branch 59
  - Exception 0
  - MutationFactory 117
  - Output 83
  - Method 30
  - MethodNoException 30
  - CBranchFitnessFactory 59
* Using seed 1579024338825
* Starting evolution
* Search finished after 113s and 559 generations, 258119 statements, best individual has fitness: 5.333333303653475
* Writing sequences to pool
* Minimizing test suite
* Going to analyze the coverage criteria
* Coverage analysis for criterion LINE
* Coverage of criterion LINE: 100%
* Total number of goals: 99
* Number of covered goals: 99
* Coverage analysis for criterion BRANCH
* Coverage of criterion BRANCH: 100%
* Total number of goals: 59
* Number of covered goals: 59
* Coverage analysis for criterion EXCEPTION
* Coverage of criterion EXCEPTION: 100%
* Total number of goals: 2
* Number of covered goals: 2
* Coverage analysis for criterion WEAKMUTATION
* Coverage of criterion WEAKMUTATION: 98%
* Total number of goals: 117
* Number of covered goals: 115
* Coverage analysis for criterion OUTPUT
* Coverage of criterion OUTPUT: 96%
* Total number of goals: 83
* Number of covered goals: 80
* Coverage analysis for criterion METHOD
* Coverage of criterion METHOD: 100%
* Total number of goals: 30
* Number of covered goals: 30
* Coverage analysis for criterion METHODNOEXCEPTION
* Coverage of criterion METHODNOEXCEPTION: 100%
* Total number of goals: 30
* Number of covered goals: 30
* Coverage analysis for criterion CBRANCH
* Coverage of criterion CBRANCH: 100%
* Total number of goals: 59
* Number of covered goals: 59
* Generated 82 tests with total length 270
* Resulting test suite's coverage: 99% (average coverage for all fitness functions)
* Generating assertions
[MASTER] 17:54:40.916 [pool-2-thread-1] WARN  SimpleMutationAssertionGenerator - Assertion minimization is taking too long (0.6717222222222222% of time used, but only 38/82 tests minimized), falling back to using all assertions
* Resulting test suite's mutation score: 67%
* Compiling and checking tests
* Writing JUnit test case 'Aluguer_ESTest' to /home/mercy/ATS/Projeto Refactored/demo2/.evosuite/tmp_2020_01_14_17_49_26/tests
* Done!

